<testsuite name="Mocha Tests" tests="16" failures="0" errors="0" skipped="0" timestamp="Tue, 05 May 2020 11:53:21 GMT" time="17.843">
<testcase classname="ExtractAPI" name="Extractor animevost should works for https://play.roomfish.ru/2147406642" time="1.235"/>
<testcase classname="ExtractAPI" name="Extractor sibnetmp4 should works for https://video.sibnet.ru/shell.php?videoid=3580403" time="1.777"/>
<testcase classname="ExtractAPI" name="Extractor anigit should works for https://aniqit.com/serial/4898/d72ca532e8abcbd0d6b6ca56f9544341/720p?season=1&#x26;only_episode=true&#x26;episode=100&#x26;translations=false" time="1.559"/>
<testcase classname="InfoAPI" name="Provider nekomori should return playlist by 2685" time="0.849"/>
<testcase classname="InfoAPI" name="Provider nekomori should return playlist by 150" time="2.398"/>
<testcase classname="InfoAPI" name="Provider nekomori should return playlist by 13712" time="1.151"/>
<testcase classname="InfoAPI" name="Provider animevost should return playlist by https%3A%2F%2Fanimevost.org%2Ftip%2Ftv%2F2281-dr-stone.html" time="0.862"/>
<testcase classname="InfoAPI" name="Provider seasonvar should return playlist by %2Fserial-24137-Grand_Tur-4-sezon.html" time="0.72"/>
<testcase classname="InfoAPI" name="Provider kinogo should return playlist by https%3A%2F%2Fkinogo.by%2F2048-gorod-grehov-2-zhenschina-radi-kotoroy-stoit-ubivat-2014-smotret-onlayn.html" time="0.806"/>
<testcase classname="InfoAPI" name="Provider kinogo should return playlist by https%3A%2F%2Fkinogo.by%2F15114-ballmastrz-9009_2018.html" time="0.715"/>
<testcase classname="InfoAPI" name="Provider kinogo should return playlist by https%3A%2F%2Fkinogo.by%2F6347-parki-i-zony-otdyha_parks-and-recreation_1-2-3-4-5-6-7-sezon.html" time="1.371"/>
<testcase classname="InfoAPI" name="Provider videocdn should return playlist by tv-series_3381" time="1.037"/>
<testcase classname="InfoAPI" name="Provider videocdn should return playlist by movies_1765" time="0.763"/>
<testcase classname="InfoAPI" name="Provider kinovod should return playlist by %2Ffilm%2F2164-gorod-grehov" time="0.78"/>
<testcase classname="InfoAPI" name="Provider kinovod should return playlist by %2Ftv_show%2F7357-grand-tur" time="0.926"/>
<testcase classname="InfoAPI" name="Provider 7serealov should return playlist by http%3A%2F%2F7serialov.net%2Fload%2Fdrama%2Forvill_1%2F8-1-0-386" time="0.861"/>
</testsuite>
